<?xml version="1.0" encoding="UTF-8"?>
<testng-results skipped="0" failed="0" ignored="0" total="1" passed="1">
  <reporter-output>
  </reporter-output>
  <suite name="Default suite" duration-ms="9410" started-at="2019-01-29T18:31:01Z" finished-at="2019-01-29T18:31:10Z">
    <groups>
    </groups>
    <test name="Default test" duration-ms="9410" started-at="2019-01-29T18:31:01Z" finished-at="2019-01-29T18:31:10Z">
      <class name="basics.GPAssignment">
        <test-method status="PASS" signature="getUri()[pri:0, instance:basics.GPAssignment@59fa1d9b]" name="getUri" is-config="true" duration-ms="24" started-at="2019-01-30T00:01:01Z" finished-at="2019-01-30T00:01:01Z">
          <reporter-output>
          </reporter-output>
        </test-method> <!-- getUri -->
        <test-method status="PASS" signature="runCode()[pri:0, instance:basics.GPAssignment@59fa1d9b]" name="runCode" duration-ms="9351" started-at="2019-01-30T00:01:01Z" finished-at="2019-01-30T00:01:10Z">
          <reporter-output>
          </reporter-output>
        </test-method> <!-- runCode -->
      </class> <!-- basics.GPAssignment -->
    </test> <!-- Default test -->
  </suite> <!-- Default suite -->
</testng-results>
